2024-10-06 20:29:56 - root - INFO - [api_client.py:41 - create_game] - New game created:
{"rounds_played":[{"player_1_move":"rock","player_2_move":"rock","winner":"Machine"},{"player_1_move":"scissors","player_2_move":"paper","winner":"Human"},{"player_1_move":"paper","player_2_move":"paper","winner":"Machine"}],"game_winner":"Machine","id":8}
2024-10-06 20:32:25 - root - ERROR - [main.py:37 - main] - The second argument is not a int: ferferfer. There is no posible to play machine against machine.
2024-10-06 20:32:40 - root - INFO - [api_client.py:41 - create_game] - New game created:
{"rounds_played":[{"player_1_move":"scissors","player_2_move":"rock","winner":"Machine_2"},{"player_1_move":"scissors","player_2_move":"rock","winner":"Machine_2"},{"player_1_move":"scissors","player_2_move":"rock","winner":"Machine_2"}],"game_winner":"Machine_2","id":9}
2024-10-06 20:32:42 - root - INFO - [api_client.py:41 - create_game] - New game created:
{"rounds_played":[{"player_1_move":"paper","player_2_move":"rock","winner":"Machine_1"},{"player_1_move":"paper","player_2_move":"scissors","winner":"Machine_2"},{"player_1_move":"paper","player_2_move":"rock","winner":"Machine_1"}],"game_winner":"Machine_1","id":10}
2024-10-06 20:33:19 - root - INFO - [api_client.py:41 - create_game] - New game created:
{"rounds_played":[{"player_1_move":"paper","player_2_move":"rock","winner":"Machine_1"},{"player_1_move":"paper","player_2_move":"rock","winner":"Machine_1"},{"player_1_move":"rock","player_2_move":"scissors","winner":"Machine_1"}],"game_winner":"Machine_1","id":11}
2024-10-06 20:33:21 - root - INFO - [api_client.py:41 - create_game] - New game created:
{"rounds_played":[{"player_1_move":"rock","player_2_move":"paper","winner":"Machine_2"},{"player_1_move":"rock","player_2_move":"paper","winner":"Machine_2"},{"player_1_move":"rock","player_2_move":"rock","winner":"Machine_2"}],"game_winner":"Machine_2","id":12}
2024-10-06 20:33:23 - root - INFO - [api_client.py:41 - create_game] - New game created:
{"rounds_played":[{"player_1_move":"paper","player_2_move":"paper","winner":"Machine_2"},{"player_1_move":"rock","player_2_move":"scissors","winner":"Machine_1"},{"player_1_move":"scissors","player_2_move":"paper","winner":"Machine_1"}],"game_winner":"Machine_1","id":13}
2024-10-06 20:33:25 - root - INFO - [api_client.py:41 - create_game] - New game created:
{"rounds_played":[{"player_1_move":"paper","player_2_move":"paper","winner":"Machine_2"},{"player_1_move":"rock","player_2_move":"paper","winner":"Machine_2"},{"player_1_move":"paper","player_2_move":"rock","winner":"Machine_1"}],"game_winner":"Machine_2","id":14}
2024-10-06 20:33:27 - root - INFO - [api_client.py:41 - create_game] - New game created:
{"rounds_played":[{"player_1_move":"rock","player_2_move":"scissors","winner":"Machine_1"},{"player_1_move":"scissors","player_2_move":"rock","winner":"Machine_2"},{"player_1_move":"scissors","player_2_move":"rock","winner":"Machine_2"}],"game_winner":"Machine_2","id":15}
2024-10-06 20:33:29 - root - INFO - [api_client.py:41 - create_game] - New game created:
{"rounds_played":[{"player_1_move":"rock","player_2_move":"rock","winner":"Machine_2"},{"player_1_move":"paper","player_2_move":"rock","winner":"Machine_1"},{"player_1_move":"rock","player_2_move":"rock","winner":"Machine_2"}],"game_winner":"Machine_2","id":16}
2024-10-06 20:33:31 - root - INFO - [api_client.py:41 - create_game] - New game created:
{"rounds_played":[{"player_1_move":"scissors","player_2_move":"paper","winner":"Machine_1"},{"player_1_move":"rock","player_2_move":"paper","winner":"Machine_2"},{"player_1_move":"rock","player_2_move":"scissors","winner":"Machine_1"}],"game_winner":"Machine_1","id":17}
2024-10-06 20:33:33 - root - INFO - [api_client.py:41 - create_game] - New game created:
{"rounds_played":[{"player_1_move":"scissors","player_2_move":"rock","winner":"Machine_2"},{"player_1_move":"rock","player_2_move":"rock","winner":"Machine_2"},{"player_1_move":"paper","player_2_move":"rock","winner":"Machine_1"}],"game_winner":"Machine_2","id":18}
2024-10-06 20:33:35 - root - INFO - [api_client.py:41 - create_game] - New game created:
{"rounds_played":[{"player_1_move":"rock","player_2_move":"scissors","winner":"Machine_1"},{"player_1_move":"paper","player_2_move":"scissors","winner":"Machine_2"},{"player_1_move":"rock","player_2_move":"scissors","winner":"Machine_1"}],"game_winner":"Machine_1","id":19}
2024-10-06 20:33:37 - root - INFO - [api_client.py:41 - create_game] - New game created:
{"rounds_played":[{"player_1_move":"rock","player_2_move":"scissors","winner":"Machine_1"},{"player_1_move":"paper","player_2_move":"paper","winner":"Machine_2"},{"player_1_move":"paper","player_2_move":"scissors","winner":"Machine_2"}],"game_winner":"Machine_2","id":20}
2024-10-06 20:37:28 - root - INFO - [api_client.py:41 - create_game] - New game created:
{"rounds_played":[{"player_1_move":"rock","player_2_move":"paper","winner":"Machine"},{"player_1_move":"paper","player_2_move":"scissors","winner":"Machine"},{"player_1_move":"paper","player_2_move":"scissors","winner":"Machine"}],"game_winner":"Machine","id":21}
2024-10-06 20:37:34 - root - INFO - [api_client.py:41 - create_game] - New game created:
{"rounds_played":[{"player_1_move":"rock","player_2_move":"scissors","winner":"Human"}],"game_winner":"Machine","id":22}
2024-10-06 20:38:27 - root - INFO - [api_client.py:41 - create_game] - New game created:
{"rounds_played":[{"player_1_move":"paper","player_2_move":"paper","winner":"Machine"},{"player_1_move":"rock","player_2_move":"scissors","winner":"Human"},{"player_1_move":"paper","player_2_move":"rock","winner":"Human"}],"game_winner":"Human","id":23}
2024-10-06 20:38:32 - root - INFO - [api_client.py:41 - create_game] - New game created:
{"rounds_played":[{"player_1_move":"rock","player_2_move":"rock","winner":"Machine"},{"player_1_move":"rock","player_2_move":"scissors","winner":"Human"},{"player_1_move":"paper","player_2_move":"paper","winner":"Machine"}],"game_winner":"Machine","id":24}
